# JRE version: OpenJDK Runtime Environment (8.0_152) (build 1.8.0_152-release-1343-b16-5323222)
# Java VM: OpenJDK 64-Bit Server VM (25.152-b16-5323222 mixed mode linux-amd64 compressed oops)
Heap:
 PSYoungGen      total 308736K, used 34802K [0x00000000e0000000, 0x00000000f5200000, 0x0000000100000000)
  eden space 273920K, 0% used [0x00000000e0000000,0x00000000e0000000,0x00000000f0b80000)
  from space 34816K, 99% used [0x00000000f0b80000,0x00000000f2d7c958,0x00000000f2d80000)
  to   space 26112K, 0% used [0x00000000f2d80000,0x00000000f2d80000,0x00000000f4700000)
 ParOldGen       total 101888K, used 101763K [0x00000000a0000000, 0x00000000a6380000, 0x00000000e0000000)
  object space 101888K, 99% used [0x00000000a0000000,0x00000000a6360fd8,0x00000000a6380000)
 Metaspace       used 80674K, capacity 83822K, committed 83928K, reserved 1122304K
  class space    used 10550K, capacity 11212K, committed 11264K, reserved 1048576K
GC Heap History (10 events):
Event: 12.878 GC heap after
Heap after GC invocations=11 (full 2):
 PSYoungGen      total 199680K, used 13814K [0x00000000e0000000, 0x00000000f0c80000, 0x0000000100000000)
  eden space 185856K, 0% used [0x00000000e0000000,0x00000000e0000000,0x00000000eb580000)
  from space 13824K, 99% used [0x00000000eb580000,0x00000000ec2fd980,0x00000000ec300000)
  to   space 18432K, 0% used [0x00000000efa80000,0x00000000efa80000,0x00000000f0c80000)
 ParOldGen       total 57856K, used 23669K [0x00000000a0000000, 0x00000000a3880000, 0x00000000e0000000)
  object space 57856K, 40% used [0x00000000a0000000,0x00000000a171d588,0x00000000a3880000)
 Metaspace       used 46729K, capacity 47676K, committed 47960K, reserved 1091584K
  class space    used 6382K, capacity 6692K, committed 6784K, reserved 1048576K
}
Event: 16.213 GC heap before
{Heap before GC invocations=12 (full 2):
 PSYoungGen      total 199680K, used 178770K [0x00000000e0000000, 0x00000000f0c80000, 0x0000000100000000)
  eden space 185856K, 88% used [0x00000000e0000000,0x00000000ea117200,0x00000000eb580000)
  from space 13824K, 99% used [0x00000000eb580000,0x00000000ec2fd980,0x00000000ec300000)
  to   space 18432K, 0% used [0x00000000efa80000,0x00000000efa80000,0x00000000f0c80000)
 ParOldGen       total 57856K, used 23669K [0x00000000a0000000, 0x00000000a3880000, 0x00000000e0000000)
  object space 57856K, 40% used [0x00000000a0000000,0x00000000a171d588,0x00000000a3880000)
 Metaspace       used 57455K, capacity 58982K, committed 59028K, reserved 1099776K
  class space    used 7805K, capacity 8190K, committed 8192K, reserved 1048576K
Event: 16.302 GC heap after
Heap after GC invocations=12 (full 2):
 PSYoungGen      total 250880K, used 18409K [0x00000000e0000000, 0x00000000f1980000, 0x0000000100000000)
  eden space 232448K, 0% used [0x00000000e0000000,0x00000000e0000000,0x00000000ee300000)
  from space 18432K, 99% used [0x00000000efa80000,0x00000000f0c7a7d8,0x00000000f0c80000)
  to   space 24064K, 0% used [0x00000000ee300000,0x00000000ee300000,0x00000000efa80000)
 ParOldGen       total 57856K, used 31485K [0x00000000a0000000, 0x00000000a3880000, 0x00000000e0000000)
  object space 57856K, 54% used [0x00000000a0000000,0x00000000a1ebf5c8,0x00000000a3880000)
 Metaspace       used 57455K, capacity 58982K, committed 59028K, reserved 1099776K
  class space    used 7805K, capacity 8190K, committed 8192K, reserved 1048576K
}
Event: 16.302 GC heap before
{Heap before GC invocations=13 (full 3):
 PSYoungGen      total 250880K, used 18409K [0x00000000e0000000, 0x00000000f1980000, 0x0000000100000000)
  eden space 232448K, 0% used [0x00000000e0000000,0x00000000e0000000,0x00000000ee300000)
  from space 18432K, 99% used [0x00000000efa80000,0x00000000f0c7a7d8,0x00000000f0c80000)
  to   space 24064K, 0% used [0x00000000ee300000,0x00000000ee300000,0x00000000efa80000)
 ParOldGen       total 57856K, used 31485K [0x00000000a0000000, 0x00000000a3880000, 0x00000000e0000000)
  object space 57856K, 54% used [0x00000000a0000000,0x00000000a1ebf5c8,0x00000000a3880000)
 Metaspace       used 57455K, capacity 58982K, committed 59028K, reserved 1099776K
  class space    used 7805K, capacity 8190K, committed 8192K, reserved 1048576K
Event: 16.652 GC heap after
Heap after GC invocations=13 (full 3):
 PSYoungGen      total 250880K, used 0K [0x00000000e0000000, 0x00000000f1980000, 0x0000000100000000)
  eden space 232448K, 0% used [0x00000000e0000000,0x00000000e0000000,0x00000000ee300000)
  from space 18432K, 0% used [0x00000000efa80000,0x00000000efa80000,0x00000000f0c80000)
  to   space 24064K, 0% used [0x00000000ee300000,0x00000000ee300000,0x00000000efa80000)
 ParOldGen       total 94720K, used 40323K [0x00000000a0000000, 0x00000000a5c80000, 0x00000000e0000000)
  object space 94720K, 42% used [0x00000000a0000000,0x00000000a2760c38,0x00000000a5c80000)
 Metaspace       used 57455K, capacity 58982K, committed 59028K, reserved 1099776K
  class space    used 7805K, capacity 8190K, committed 8192K, reserved 1048576K
}
Event: 24.993 GC heap before
{Heap before GC invocations=14 (full 3):
 PSYoungGen      total 250880K, used 232448K [0x00000000e0000000, 0x00000000f1980000, 0x0000000100000000)
  eden space 232448K, 100% used [0x00000000e0000000,0x00000000ee300000,0x00000000ee300000)
  from space 18432K, 0% used [0x00000000efa80000,0x00000000efa80000,0x00000000f0c80000)
  to   space 24064K, 0% used [0x00000000ee300000,0x00000000ee300000,0x00000000efa80000)
 ParOldGen       total 94720K, used 40323K [0x00000000a0000000, 0x00000000a5c80000, 0x00000000e0000000)
  object space 94720K, 42% used [0x00000000a0000000,0x00000000a2760c38,0x00000000a5c80000)
 Metaspace       used 66451K, capacity 68954K, committed 69080K, reserved 1110016K
  class space    used 8841K, capacity 9453K, committed 9472K, reserved 1048576K
Event: 25.030 GC heap after
Heap after GC invocations=14 (full 3):
 PSYoungGen      total 256512K, used 18258K [0x00000000e0000000, 0x00000000f4700000, 0x0000000100000000)
  eden space 232448K, 0% used [0x00000000e0000000,0x00000000e0000000,0x00000000ee300000)
  from space 24064K, 75% used [0x00000000ee300000,0x00000000ef4d4b80,0x00000000efa80000)
  to   space 26112K, 0% used [0x00000000f2d80000,0x00000000f2d80000,0x00000000f4700000)
 ParOldGen       total 94720K, used 40331K [0x00000000a0000000, 0x00000000a5c80000, 0x00000000e0000000)
  object space 94720K, 42% used [0x00000000a0000000,0x00000000a2762c38,0x00000000a5c80000)
 Metaspace       used 66451K, capacity 68954K, committed 69080K, reserved 1110016K
  class space    used 8841K, capacity 9453K, committed 9472K, reserved 1048576K
}
Event: 44.097 GC heap before
{Heap before GC invocations=15 (full 3):
 PSYoungGen      total 256512K, used 250706K [0x00000000e0000000, 0x00000000f4700000, 0x0000000100000000)
  eden space 232448K, 100% used [0x00000000e0000000,0x00000000ee300000,0x00000000ee300000)
  from space 24064K, 75% used [0x00000000ee300000,0x00000000ef4d4b80,0x00000000efa80000)
  to   space 26112K, 0% used [0x00000000f2d80000,0x00000000f2d80000,0x00000000f4700000)
 ParOldGen       total 94720K, used 40331K [0x00000000a0000000, 0x00000000a5c80000, 0x00000000e0000000)
  object space 94720K, 42% used [0x00000000a0000000,0x00000000a2762c38,0x00000000a5c80000)
 Metaspace       used 72380K, capacity 75546K, committed 75864K, reserved 1114112K
  class space    used 9569K, capacity 10258K, committed 10368K, reserved 1048576K
Event: 44.190 GC heap after
Heap after GC invocations=15 (full 3):
 PSYoungGen      total 300032K, used 26106K [0x00000000e0000000, 0x00000000f5200000, 0x0000000100000000)
  eden space 273920K, 0% used [0x00000000e0000000,0x00000000e0000000,0x00000000f0b80000)
  from space 26112K, 99% used [0x00000000f2d80000,0x00000000f46fe968,0x00000000f4700000)
  to   space 34816K, 0% used [0x00000000f0b80000,0x00000000f0b80000,0x00000000f2d80000)
 ParOldGen       total 94720K, used 52672K [0x00000000a0000000, 0x00000000a5c80000, 0x00000000e0000000)
  object space 94720K, 55% used [0x00000000a0000000,0x00000000a3370080,0x00000000a5c80000)
 Metaspace       used 72380K, capacity 75546K, committed 75864K, reserved 1114112K
  class space    used 9569K, capacity 10258K, committed 10368K, reserved 1048576K
}
Event: 51.372 GC heap before
{Heap before GC invocations=16 (full 3):
 PSYoungGen      total 300032K, used 300026K [0x00000000e0000000, 0x00000000f5200000, 0x0000000100000000)
  eden space 273920K, 100% used [0x00000000e0000000,0x00000000f0b80000,0x00000000f0b80000)
  from space 26112K, 99% used [0x00000000f2d80000,0x00000000f46fe968,0x00000000f4700000)
  to   space 34816K, 0% used [0x00000000f0b80000,0x00000000f0b80000,0x00000000f2d80000)
 ParOldGen       total 94720K, used 52672K [0x00000000a0000000, 0x00000000a5c80000, 0x00000000e0000000)
  object space 94720K, 55% used [0x00000000a0000000,0x00000000a3370080,0x00000000a5c80000)
 Metaspace       used 80674K, capacity 83822K, committed 83928K, reserved 1122304K
  class space    used 10550K, capacity 11212K, committed 11264K, reserved 1048576K

